<?xml version="1.0" encoding="UTF-8"?>
<testng-results ignored="0" total="3" passed="3" failed="0" skipped="0">
  <reporter-output>
  </reporter-output>
  <suite started-at="2024-02-08T15:24:08 IST" name="Default suite" finished-at="2024-02-08T15:24:10 IST" duration-ms="2145">
    <groups>
      <group name="cucumber">
        <method signature="AbstractTestNGCucumberTests.runScenario(io.cucumber.testng.PickleWrapper,io.cucumber.testng.FeatureWrapper)[pri:0, instance:evs.vTiger.TestRunner.Run@6c2c1385]" name="runScenario" class="io.cucumber.testng.AbstractTestNGCucumberTests"/>
      </group> <!-- cucumber -->
    </groups>
    <test started-at="2024-02-08T15:24:08 IST" name="Default test" finished-at="2024-02-08T15:24:10 IST" duration-ms="2145">
      <class name="evs.vTiger.TestRunner.Run">
        <test-method is-config="true" signature="setUpClass(org.testng.ITestContext)[pri:0, instance:evs.vTiger.TestRunner.Run@6c2c1385]" started-at="2024-02-08T15:24:08 IST" name="setUpClass" finished-at="2024-02-08T15:24:09 IST" duration-ms="1098" status="PASS">
          <params>
            <param index="0">
              <value>
                <![CDATA[org.testng.TestRunner@5d425813]]>
              </value>
            </param>
          </params>
          <reporter-output>
          </reporter-output>
        </test-method> <!-- setUpClass -->
        <test-method signature="runScenario(io.cucumber.testng.PickleWrapper,io.cucumber.testng.FeatureWrapper)[pri:0, instance:evs.vTiger.TestRunner.Run@6c2c1385]" started-at="2024-02-08T15:24:09 IST" name="runScenario" description="Runs Cucumber Scenarios" data-provider="scenarios" finished-at="2024-02-08T15:24:09 IST" duration-ms="304" status="PASS">
          <params>
            <param index="0">
              <value>
                <![CDATA["Successfully Login User Enter valid credential"]]>
              </value>
            </param>
            <param index="1">
              <value>
                <![CDATA["Login Page and Create New Leads and delete"]]>
              </value>
            </param>
          </params>
          <reporter-output>
          </reporter-output>
        </test-method> <!-- runScenario -->
        <test-method signature="runScenario(io.cucumber.testng.PickleWrapper,io.cucumber.testng.FeatureWrapper)[pri:0, instance:evs.vTiger.TestRunner.Run@6c2c1385]" started-at="2024-02-08T15:24:09 IST" name="runScenario" description="Runs Cucumber Scenarios" data-provider="scenarios" finished-at="2024-02-08T15:24:09 IST" duration-ms="27" status="PASS">
          <params>
            <param index="0">
              <value>
                <![CDATA["Search new leads which is create By user"]]>
              </value>
            </param>
            <param index="1">
              <value>
                <![CDATA["Login Page and Create New Leads and delete"]]>
              </value>
            </param>
          </params>
          <reporter-output>
          </reporter-output>
        </test-method> <!-- runScenario -->
        <test-method signature="runScenario(io.cucumber.testng.PickleWrapper,io.cucumber.testng.FeatureWrapper)[pri:0, instance:evs.vTiger.TestRunner.Run@6c2c1385]" started-at="2024-02-08T15:24:09 IST" name="runScenario" description="Runs Cucumber Scenarios" data-provider="scenarios" finished-at="2024-02-08T15:24:09 IST" duration-ms="27" status="PASS">
          <params>
            <param index="0">
              <value>
                <![CDATA["User Succefully Delete New Leads"]]>
              </value>
            </param>
            <param index="1">
              <value>
                <![CDATA["Login Page and Create New Leads and delete"]]>
              </value>
            </param>
          </params>
          <reporter-output>
          </reporter-output>
        </test-method> <!-- runScenario -->
        <test-method is-config="true" signature="tearDownClass()[pri:0, instance:evs.vTiger.TestRunner.Run@6c2c1385]" started-at="2024-02-08T15:24:09 IST" name="tearDownClass" finished-at="2024-02-08T15:24:10 IST" duration-ms="589" status="PASS">
          <reporter-output>
          </reporter-output>
        </test-method> <!-- tearDownClass -->
      </class> <!-- evs.vTiger.TestRunner.Run -->
    </test> <!-- Default test -->
  </suite> <!-- Default suite -->
</testng-results>
